<?xml version="1.0" encoding="UTF-8"?>
<!-- Generated by org.testng.reporters.JUnitReportReporter -->
<testsuite hostname="DESKTOP-9UC7ON0" failures="0" tests="1" name="Rainbowtests.LoginTest" time="8.022" errors="0" timestamp="2022-03-17T15:38:48 IST" skipped="0">
  <testcase classname="Rainbowtests.LoginTest" name="logintest" time="8.022"/>
  <system-out/>
</testsuite> <!-- Rainbowtests.LoginTest -->
